e:\game\4.26.1-0+++ue4+release-4.26-gameue_cpp\hack\hackcheattool.dir\debug\vc143.pdb
e:\game\4.26.1-0+++ue4+release-4.26-gameue_cpp\hack\hackcheattool.dir\debug\imgui_impl_dx9.obj
e:\game\4.26.1-0+++ue4+release-4.26-gameue_cpp\hack\hackcheattool.dir\debug\trampoline.obj
e:\game\4.26.1-0+++ue4+release-4.26-gameue_cpp\hack\hackcheattool.dir\debug\hook.obj
e:\game\4.26.1-0+++ue4+release-4.26-gameue_cpp\hack\hackcheattool.dir\debug\hde64.obj
e:\game\4.26.1-0+++ue4+release-4.26-gameue_cpp\hack\hackcheattool.dir\debug\buffer.obj
e:\game\4.26.1-0+++ue4+release-4.26-gameue_cpp\hack\hackcheattool.dir\debug\imgui_stdlib.obj
e:\game\4.26.1-0+++ue4+release-4.26-gameue_cpp\hack\hackcheattool.dir\debug\imgui_impl_dx11.obj
e:\game\4.26.1-0+++ue4+release-4.26-gameue_cpp\hack\hackcheattool.dir\debug\imgui_impl_win32.obj
e:\game\4.26.1-0+++ue4+release-4.26-gameue_cpp\hack\hackcheattool.dir\debug\imgui_widgets.obj
e:\game\4.26.1-0+++ue4+release-4.26-gameue_cpp\hack\hackcheattool.dir\debug\imgui_demo.obj
e:\game\4.26.1-0+++ue4+release-4.26-gameue_cpp\hack\hackcheattool.dir\debug\imgui_tables.obj
e:\game\4.26.1-0+++ue4+release-4.26-gameue_cpp\hack\hackcheattool.dir\debug\imgui_draw.obj
e:\game\4.26.1-0+++ue4+release-4.26-gameue_cpp\hack\hackcheattool.dir\debug\imgui.obj
e:\game\4.26.1-0+++ue4+release-4.26-gameue_cpp\hack\cmakefiles\generate.stamp
e:\game\4.26.1-0+++ue4+release-4.26-gameue_cpp\hack\debug\hackcheattool.dll
e:\game\4.26.1-0+++ue4+release-4.26-gameue_cpp\hack\debug\hackcheattool.pdb
e:\game\4.26.1-0+++ue4+release-4.26-gameue_cpp\hack\debug\hackcheattool.lib
e:\game\4.26.1-0+++ue4+release-4.26-gameue_cpp\hack\debug\hackcheattool.exp
e:\game\4.26.1-0+++ue4+release-4.26-gameue_cpp\hack\hackcheattool.dir\debug\hackcheattool.ilk
e:\game\4.26.1-0+++ue4+release-4.26-gameue_cpp\hack\hackcheattool.dir\debug\hackmain.obj
e:\game\4.26.1-0+++ue4+release-4.26-gameue_cpp\hack\hackcheattool.dir\debug\hackcheattool.tlog\cl.command.1.tlog
e:\game\4.26.1-0+++ue4+release-4.26-gameue_cpp\hack\hackcheattool.dir\debug\hackcheattool.tlog\cl.items.tlog
e:\game\4.26.1-0+++ue4+release-4.26-gameue_cpp\hack\hackcheattool.dir\debug\hackcheattool.tlog\cl.read.1.tlog
e:\game\4.26.1-0+++ue4+release-4.26-gameue_cpp\hack\hackcheattool.dir\debug\hackcheattool.tlog\cl.write.1.tlog
e:\game\4.26.1-0+++ue4+release-4.26-gameue_cpp\hack\hackcheattool.dir\debug\hackcheattool.tlog\custombuild.command.1.tlog
e:\game\4.26.1-0+++ue4+release-4.26-gameue_cpp\hack\hackcheattool.dir\debug\hackcheattool.tlog\custombuild.read.1.tlog
e:\game\4.26.1-0+++ue4+release-4.26-gameue_cpp\hack\hackcheattool.dir\debug\hackcheattool.tlog\custombuild.write.1.tlog
e:\game\4.26.1-0+++ue4+release-4.26-gameue_cpp\hack\hackcheattool.dir\debug\hackcheattool.tlog\link.command.1.tlog
e:\game\4.26.1-0+++ue4+release-4.26-gameue_cpp\hack\hackcheattool.dir\debug\hackcheattool.tlog\link.read.1.tlog
e:\game\4.26.1-0+++ue4+release-4.26-gameue_cpp\hack\hackcheattool.dir\debug\hackcheattool.tlog\link.secondary.1.tlog
e:\game\4.26.1-0+++ue4+release-4.26-gameue_cpp\hack\hackcheattool.dir\debug\hackcheattool.tlog\link.write.1.tlog
